<?xml version="1.0" encoding="UTF-8"?>
<testng-results ignored="0" total="1" passed="1" failed="0" skipped="0">
  <reporter-output>
  </reporter-output>
  <suite started-at="2022-03-17T00:03:23 IST" name="Default suite" finished-at="2022-03-17T00:03:32 IST" duration-ms="8903">
    <groups>
    </groups>
    <test started-at="2022-03-17T00:03:23 IST" name="Default test" finished-at="2022-03-17T00:03:32 IST" duration-ms="8903">
      <class name="Automation.NapierHealth.contributingFactor">
        <test-method signature="credentialPage(java.lang.String,java.lang.String,java.lang.String,java.lang.String,java.lang.String,java.lang.String)[pri:0, instance:Automation.NapierHealth.contributingFactor@3dd818e8]" started-at="2022-03-17T00:03:23 IST" name="credentialPage" data-provider="getData" finished-at="2022-03-17T00:03:32 IST" duration-ms="8693" status="PASS">
          <params>
            <param index="0">
              <value>
                <![CDATA[Ganesh]]>
              </value>
            </param>
            <param index="1">
              <value>
                <![CDATA[User@1]]>
              </value>
            </param>
            <param index="2">
              <value>
                <![CDATA[AOP]]>
              </value>
            </param>
            <param index="3">
              <value is-null="true"/>
            </param>
            <param index="4">
              <value is-null="true"/>
            </param>
            <param index="5">
              <value is-null="true"/>
            </param>
          </params>
          <reporter-output>
          </reporter-output>
        </test-method> <!-- credentialPage -->
      </class> <!-- Automation.NapierHealth.contributingFactor -->
    </test> <!-- Default test -->
  </suite> <!-- Default suite -->
</testng-results>
